{"message":"Task recived request. http://localhost:7075/todo/getTask/","level":"info"}
{"message":"Task Get,  called","level":"info"}
{"level":"info","message":"Connection %d acquired"}
{"level":"info","message":"Connection %d released"}
{"message":"GOT Task SUCCESSFULLY...","level":"info"}
{"message":"Task recived request. http://localhost:7075/todo/getTask/","level":"info"}
{"message":"Task Get,  called","level":"info"}
{"level":"info","message":"Connection %d acquired"}
{"level":"info","message":"Connection %d released"}
{"message":"GOT Task SUCCESSFULLY...","level":"info"}
{"message":"Task recived request. http://localhost:7075/todo/getTask/","level":"info"}
{"message":"Task Get,  called","level":"info"}
{"level":"info","message":"Connection %d acquired"}
{"level":"info","message":"Connection %d released"}
{"message":"GOT Task SUCCESSFULLY...","level":"info"}
{"message":"Task recived request. http://localhost:7075/todo/getTask/","level":"info"}
{"message":"Task Get,  called","level":"info"}
{"level":"info","message":"Connection %d acquired"}
{"level":"info","message":"Connection %d released"}
{"message":"GOT Task SUCCESSFULLY...","level":"info"}
{"message":"Task recived request. http://localhost:7075/todo/getTask/","level":"info"}
{"message":"Task Get,  called","level":"info"}
{"level":"info","message":"Connection %d acquired"}
{"level":"info","message":"Connection %d released"}
{"message":"GOT Task SUCCESSFULLY...","level":"info"}
{"message":"Task recived request. http://localhost:7075/todo/getTask/","level":"info"}
{"message":"Task Get,  called","level":"info"}
{"level":"info","message":"Connection %d acquired"}
{"level":"info","message":"Connection %d released"}
{"message":"GOT Task SUCCESSFULLY...","level":"info"}
{"message":"Task recived request. http://localhost:7075/todo/getTask/","level":"info"}
{"message":"Task Get,  called","level":"info"}
{"level":"info","message":"Connection %d acquired"}
{"level":"info","message":"Connection %d released"}
{"message":"GOT Task SUCCESSFULLY...","level":"info"}
{"message":"Task recived request. http://localhost:7075/todo/getTask/","level":"info"}
{"message":"Task Get,  called","level":"info"}
{"level":"info","message":"Connection %d acquired"}
{"level":"info","message":"Connection %d released"}
{"message":"GOT Task SUCCESSFULLY...","level":"info"}
{"message":"Task recived request. http://localhost:7075/todo/getTask/","level":"info"}
{"message":"Task Get,  called","level":"info"}
{"level":"info","message":"Connection %d acquired"}
{"level":"info","message":"Connection %d released"}
{"message":"GOT Task SUCCESSFULLY...","level":"info"}
{"message":"Task recived request. http://localhost:7075/todo/getTask/","level":"info"}
{"message":"Task Get,  called","level":"info"}
{"level":"info","message":"Connection %d acquired"}
{"level":"info","message":"Connection %d released"}
{"message":"GOT Task SUCCESSFULLY...","level":"info"}
{"message":"Task recived request. http://localhost:7075/todo/getTask/","level":"info"}
{"message":"Task Get,  called","level":"info"}
{"level":"info","message":"Connection %d acquired"}
{"level":"info","message":"Connection %d released"}
{"message":"GOT Task SUCCESSFULLY...","level":"info"}
{"message":"Task recived request. http://localhost:7075/todo/getTask/","level":"info"}
{"message":"Task Get,  called","level":"info"}
{"level":"info","message":"Connection %d acquired"}
{"level":"info","message":"Connection %d released"}
{"message":"GOT Task SUCCESSFULLY...","level":"info"}
{"message":"Task recived request. http://localhost:7075/todo/getTask/","level":"info"}
{"message":"Task Get,  called","level":"info"}
{"level":"info","message":"Connection %d acquired"}
{"level":"info","message":"Connection %d released"}
{"message":"GOT Task SUCCESSFULLY...","level":"info"}
{"message":"Task recived request. http://localhost:7075/todo/getTask/","level":"info"}
{"message":"Task Get,  called","level":"info"}
{"level":"info","message":"Connection %d acquired"}
{"level":"info","message":"Connection %d released"}
{"message":"GOT Task SUCCESSFULLY...","level":"info"}
{"message":"Task recived request. http://localhost:7075/todo/getTask/","level":"info"}
{"message":"Task Get,  called","level":"info"}
{"level":"info","message":"Connection %d acquired"}
{"level":"info","message":"Connection %d released"}
{"message":"GOT Task SUCCESSFULLY...","level":"info"}
{"message":"Task recived request. http://localhost:7075/todo/getTask/","level":"info"}
{"message":"Task Get,  called","level":"info"}
{"level":"info","message":"Connection %d acquired"}
{"level":"info","message":"Connection %d released"}
{"message":"GOT Task SUCCESSFULLY...","level":"info"}
{"message":"Task recived request. http://localhost:7075/todo/getTask/","level":"info"}
{"message":"Task Get,  called","level":"info"}
{"level":"info","message":"Connection %d acquired"}
{"level":"info","message":"Connection %d released"}
{"message":"GOT Task SUCCESSFULLY...","level":"info"}
{"message":"Task recived request. http://localhost:7075/todo/getTask/","level":"info"}
{"message":"Task Get,  called","level":"info"}
{"level":"info","message":"Connection %d acquired"}
{"level":"info","message":"Connection %d released"}
{"message":"GOT Task SUCCESSFULLY...","level":"info"}
{"message":"Task recived request. http://localhost:7075/todo/getTask/","level":"info"}
{"message":"Task Get,  called","level":"info"}
{"level":"info","message":"Connection %d acquired"}
{"level":"info","message":"Connection %d released"}
{"message":"GOT Task SUCCESSFULLY...","level":"info"}
{"message":"Task recived request. http://localhost:7075/todo/getTask/","level":"info"}
{"message":"Task Get,  called","level":"info"}
{"level":"info","message":"Connection %d acquired"}
{"level":"info","message":"Connection %d released"}
{"message":"GOT Task SUCCESSFULLY...","level":"info"}
{"message":"Task recived request. http://localhost:7075/todo/getTask/","level":"info"}
{"message":"Task Get,  called","level":"info"}
{"level":"info","message":"Connection %d acquired"}
{"level":"info","message":"Connection %d released"}
{"message":"GOT Task SUCCESSFULLY...","level":"info"}
{"message":"Task recived request. http://localhost:7075/todo/getTask/","level":"info"}
{"message":"Task Get,  called","level":"info"}
{"level":"info","message":"Connection %d acquired"}
{"level":"info","message":"Connection %d released"}
{"message":"GOT Task SUCCESSFULLY...","level":"info"}
{"message":"Task recived request. http://localhost:7075/todo/getTask/","level":"info"}
{"message":"Task Get,  called","level":"info"}
{"level":"info","message":"Connection %d acquired"}
{"level":"info","message":"Connection %d released"}
{"message":"GOT Task SUCCESSFULLY...","level":"info"}
